<?xml version="1.0" encoding="UTF-8"?>
<testng-results ignored="0" total="1" passed="1" failed="0" skipped="0">
  <reporter-output>
  </reporter-output>
  <suite started-at="2024-11-26T14:52:40 IST" name="Suite" finished-at="2024-11-26T14:53:06 IST" duration-ms="26400">
    <groups>
    </groups>
    <test started-at="2024-11-26T14:52:40 IST" name="Test" finished-at="2024-11-26T14:53:06 IST" duration-ms="26400">
      <class name="test.Testclass">
        <test-method is-config="true" signature="setUp()[pri:0, instance:test.Testclass@196a42c3]" started-at="2024-11-26T14:52:40 IST" name="setUp" finished-at="2024-11-26T14:52:46 IST" duration-ms="6160" status="PASS">
          <reporter-output>
          </reporter-output>
        </test-method> <!-- setUp -->
        <test-method signature="testECommerceFlow()[pri:0, instance:test.Testclass@196a42c3]" started-at="2024-11-26T14:52:46 IST" name="testECommerceFlow" finished-at="2024-11-26T14:53:06 IST" duration-ms="19553" status="PASS">
          <reporter-output>
          </reporter-output>
        </test-method> <!-- testECommerceFlow -->
        <test-method is-config="true" signature="tearDown()[pri:0, instance:test.Testclass@196a42c3]" started-at="2024-11-26T14:53:06 IST" name="tearDown" finished-at="2024-11-26T14:53:06 IST" duration-ms="632" status="PASS">
          <reporter-output>
          </reporter-output>
        </test-method> <!-- tearDown -->
      </class> <!-- test.Testclass -->
    </test> <!-- Test -->
  </suite> <!-- Suite -->
</testng-results>
